# JRE version: Java(TM) SE Runtime Environment (17.0.12+8) (build 17.0.12+8-LTS-286)
# Java VM: Java HotSpot(TM) 64-Bit Server VM (17.0.12+8-LTS-286, mixed mode, sharing, tiered, compressed oops, compressed class ptrs, parallel gc, windows-amd64)
GC Precious Log:
 CPUs: 4 total, 4 available
 Memory: 12177M
 Large Page Support: Disabled
 NUMA Support: Disabled
 Compressed Oops: Enabled (32-bit)
 Alignments: Space 512K, Generation 512K, Heap 2M
 Heap Min Capacity: 100M
 Heap Initial Capacity: 100M
 Heap Max Capacity: 1G
 Pre-touch: Disabled
 Parallel Workers: 4
Heap:
 PSYoungGen      total 47616K, used 47577K [0x00000000eab00000, 0x00000000ef700000, 0x0000000100000000)
  eden space 17408K, 99% used [0x00000000eab00000,0x00000000ebbfaa60,0x00000000ebc00000)
  from space 30208K, 99% used [0x00000000ebc00000,0x00000000ed97bb78,0x00000000ed980000)
  to   space 30208K, 0% used [0x00000000ed980000,0x00000000ed980000,0x00000000ef700000)
 ParOldGen       total 198144K, used 184256K [0x00000000c0000000, 0x00000000cc180000, 0x00000000eab00000)
  object space 198144K, 92% used [0x00000000c0000000,0x00000000cb3f0250,0x00000000cc180000)
 Metaspace       used 71734K, committed 73280K, reserved 1114112K
  class space    used 7371K, committed 8064K, reserved 1048576K
GC Heap History (20 events):
Event: 74.747 GC heap before
{Heap before GC invocations=220 (full 8):
 PSYoungGen      total 53248K, used 52967K [0x00000000eab00000, 0x00000000efd80000, 0x0000000100000000)
  eden space 22528K, 100% used [0x00000000eab00000,0x00000000ec100000,0x00000000ec100000)
  from space 30720K, 99% used [0x00000000edf80000,0x00000000efd39de8,0x00000000efd80000)
  to   space 30720K, 0% used [0x00000000ec180000,0x00000000ec180000,0x00000000edf80000)
 ParOldGen       total 162816K, used 156752K [0x00000000c0000000, 0x00000000c9f00000, 0x00000000eab00000)
  object space 162816K, 96% used [0x00000000c0000000,0x00000000c9914010,0x00000000c9f00000)
 Metaspace       used 71734K, committed 73280K, reserved 1114112K
  class space    used 7371K, committed 8064K, reserved 1048576K
}
Event: 74.765 GC heap after
{Heap after GC invocations=220 (full 8):
 PSYoungGen      total 53248K, used 30705K [0x00000000eab00000, 0x00000000f0800000, 0x0000000100000000)
  eden space 22528K, 0% used [0x00000000eab00000,0x00000000eab00000,0x00000000ec100000)
  from space 30720K, 99% used [0x00000000ec180000,0x00000000edf7c588,0x00000000edf80000)
  to   space 36352K, 0% used [0x00000000ee480000,0x00000000ee480000,0x00000000f0800000)
 ParOldGen       total 162816K, used 161479K [0x00000000c0000000, 0x00000000c9f00000, 0x00000000eab00000)
  object space 162816K, 99% used [0x00000000c0000000,0x00000000c9db1db0,0x00000000c9f00000)
 Metaspace       used 71734K, committed 73280K, reserved 1114112K
  class space    used 7371K, committed 8064K, reserved 1048576K
}
Event: 74.765 GC heap before
{Heap before GC invocations=221 (full 9):
 PSYoungGen      total 53248K, used 30705K [0x00000000eab00000, 0x00000000f0800000, 0x0000000100000000)
  eden space 22528K, 0% used [0x00000000eab00000,0x00000000eab00000,0x00000000ec100000)
  from space 30720K, 99% used [0x00000000ec180000,0x00000000edf7c588,0x00000000edf80000)
  to   space 36352K, 0% used [0x00000000ee480000,0x00000000ee480000,0x00000000f0800000)
 ParOldGen       total 162816K, used 161479K [0x00000000c0000000, 0x00000000c9f00000, 0x00000000eab00000)
  object space 162816K, 99% used [0x00000000c0000000,0x00000000c9db1db0,0x00000000c9f00000)
 Metaspace       used 71734K, committed 73280K, reserved 1114112K
  class space    used 7371K, committed 8064K, reserved 1048576K
}
Event: 75.037 GC heap after
{Heap after GC invocations=221 (full 9):
 PSYoungGen      total 53248K, used 14859K [0x00000000eab00000, 0x00000000f0800000, 0x0000000100000000)
  eden space 22528K, 0% used [0x00000000eab00000,0x00000000eab00000,0x00000000ec100000)
  from space 30720K, 48% used [0x00000000ec180000,0x00000000ed002c80,0x00000000edf80000)
  to   space 36352K, 0% used [0x00000000ee480000,0x00000000ee480000,0x00000000f0800000)
 ParOldGen       total 198144K, used 162690K [0x00000000c0000000, 0x00000000cc180000, 0x00000000eab00000)
  object space 198144K, 82% used [0x00000000c0000000,0x00000000c9ee0b60,0x00000000cc180000)
 Metaspace       used 71734K, committed 73280K, reserved 1114112K
  class space    used 7371K, committed 8064K, reserved 1048576K
}
Event: 75.158 GC heap before
{Heap before GC invocations=222 (full 9):
 PSYoungGen      total 53248K, used 37387K [0x00000000eab00000, 0x00000000f0800000, 0x0000000100000000)
  eden space 22528K, 100% used [0x00000000eab00000,0x00000000ec100000,0x00000000ec100000)
  from space 30720K, 48% used [0x00000000ec180000,0x00000000ed002c80,0x00000000edf80000)
  to   space 36352K, 0% used [0x00000000ee480000,0x00000000ee480000,0x00000000f0800000)
 ParOldGen       total 198144K, used 162690K [0x00000000c0000000, 0x00000000cc180000, 0x00000000eab00000)
  object space 198144K, 82% used [0x00000000c0000000,0x00000000c9ee0b60,0x00000000cc180000)
 Metaspace       used 71734K, committed 73280K, reserved 1114112K
  class space    used 7371K, committed 8064K, reserved 1048576K
}
Event: 75.186 GC heap after
{Heap after GC invocations=222 (full 9):
 PSYoungGen      total 43008K, used 20016K [0x00000000eab00000, 0x00000000ef880000, 0x0000000100000000)
  eden space 22528K, 0% used [0x00000000eab00000,0x00000000eab00000,0x00000000ec100000)
  from space 20480K, 97% used [0x00000000ee480000,0x00000000ef80c2c8,0x00000000ef880000)
  to   space 26112K, 0% used [0x00000000ec580000,0x00000000ec580000,0x00000000edf00000)
 ParOldGen       total 198144K, used 163058K [0x00000000c0000000, 0x00000000cc180000, 0x00000000eab00000)
  object space 198144K, 82% used [0x00000000c0000000,0x00000000c9f3cb60,0x00000000cc180000)
 Metaspace       used 71734K, committed 73280K, reserved 1114112K
  class space    used 7371K, committed 8064K, reserved 1048576K
}
Event: 75.292 GC heap before
{Heap before GC invocations=223 (full 9):
 PSYoungGen      total 43008K, used 42544K [0x00000000eab00000, 0x00000000ef880000, 0x0000000100000000)
  eden space 22528K, 100% used [0x00000000eab00000,0x00000000ec100000,0x00000000ec100000)
  from space 20480K, 97% used [0x00000000ee480000,0x00000000ef80c2c8,0x00000000ef880000)
  to   space 26112K, 0% used [0x00000000ec580000,0x00000000ec580000,0x00000000edf00000)
 ParOldGen       total 198144K, used 163058K [0x00000000c0000000, 0x00000000cc180000, 0x00000000eab00000)
  object space 198144K, 82% used [0x00000000c0000000,0x00000000c9f3cb60,0x00000000cc180000)
 Metaspace       used 71734K, committed 73280K, reserved 1114112K
  class space    used 7371K, committed 8064K, reserved 1048576K
}
Event: 75.306 GC heap after
{Heap after GC invocations=223 (full 9):
 PSYoungGen      total 47616K, used 25078K [0x00000000eab00000, 0x00000000ef400000, 0x0000000100000000)
  eden space 22528K, 0% used [0x00000000eab00000,0x00000000eab00000,0x00000000ec100000)
  from space 25088K, 99% used [0x00000000ec580000,0x00000000eddfda88,0x00000000ede00000)
  to   space 22528K, 0% used [0x00000000ede00000,0x00000000ede00000,0x00000000ef400000)
 ParOldGen       total 198144K, used 163058K [0x00000000c0000000, 0x00000000cc180000, 0x00000000eab00000)
  object space 198144K, 82% used [0x00000000c0000000,0x00000000c9f3cb60,0x00000000cc180000)
 Metaspace       used 71734K, committed 73280K, reserved 1114112K
  class space    used 7371K, committed 8064K, reserved 1048576K
}
Event: 75.439 GC heap before
{Heap before GC invocations=224 (full 9):
 PSYoungGen      total 47616K, used 47606K [0x00000000eab00000, 0x00000000ef400000, 0x0000000100000000)
  eden space 22528K, 100% used [0x00000000eab00000,0x00000000ec100000,0x00000000ec100000)
  from space 25088K, 99% used [0x00000000ec580000,0x00000000eddfda88,0x00000000ede00000)
  to   space 22528K, 0% used [0x00000000ede00000,0x00000000ede00000,0x00000000ef400000)
 ParOldGen       total 198144K, used 163058K [0x00000000c0000000, 0x00000000cc180000, 0x00000000eab00000)
  object space 198144K, 82% used [0x00000000c0000000,0x00000000c9f3cb60,0x00000000cc180000)
 Metaspace       used 71734K, committed 73280K, reserved 1114112K
  class space    used 7371K, committed 8064K, reserved 1048576K
}
Event: 75.457 GC heap after
{Heap after GC invocations=224 (full 9):
 PSYoungGen      total 43520K, used 22514K [0x00000000eab00000, 0x00000000efe00000, 0x0000000100000000)
  eden space 20992K, 0% used [0x00000000eab00000,0x00000000eab00000,0x00000000ebf80000)
  from space 22528K, 99% used [0x00000000ede00000,0x00000000ef3fcbd8,0x00000000ef400000)
  to   space 31232K, 0% used [0x00000000ebf80000,0x00000000ebf80000,0x00000000ede00000)
 ParOldGen       total 198144K, used 170568K [0x00000000c0000000, 0x00000000cc180000, 0x00000000eab00000)
  object space 198144K, 86% used [0x00000000c0000000,0x00000000ca6921d8,0x00000000cc180000)
 Metaspace       used 71734K, committed 73280K, reserved 1114112K
  class space    used 7371K, committed 8064K, reserved 1048576K
}
Event: 75.654 GC heap before
{Heap before GC invocations=225 (full 9):
 PSYoungGen      total 43520K, used 43506K [0x00000000eab00000, 0x00000000efe00000, 0x0000000100000000)
  eden space 20992K, 100% used [0x00000000eab00000,0x00000000ebf80000,0x00000000ebf80000)
  from space 22528K, 99% used [0x00000000ede00000,0x00000000ef3fcbd8,0x00000000ef400000)
  to   space 31232K, 0% used [0x00000000ebf80000,0x00000000ebf80000,0x00000000ede00000)
 ParOldGen       total 198144K, used 170568K [0x00000000c0000000, 0x00000000cc180000, 0x00000000eab00000)
  object space 198144K, 86% used [0x00000000c0000000,0x00000000ca6921d8,0x00000000cc180000)
 Metaspace       used 71734K, committed 73280K, reserved 1114112K
  class space    used 7371K, committed 8064K, reserved 1048576K
}
Event: 75.669 GC heap after
{Heap after GC invocations=225 (full 9):
 PSYoungGen      total 47104K, used 25846K [0x00000000eab00000, 0x00000000ef580000, 0x0000000100000000)
  eden space 20992K, 0% used [0x00000000eab00000,0x00000000eab00000,0x00000000ebf80000)
  from space 26112K, 98% used [0x00000000ebf80000,0x00000000ed8bdbc8,0x00000000ed900000)
  to   space 27648K, 0% used [0x00000000eda80000,0x00000000eda80000,0x00000000ef580000)
 ParOldGen       total 198144K, used 171961K [0x00000000c0000000, 0x00000000cc180000, 0x00000000eab00000)
  object space 198144K, 86% used [0x00000000c0000000,0x00000000ca7ee440,0x00000000cc180000)
 Metaspace       used 71734K, committed 73280K, reserved 1114112K
  class space    used 7371K, committed 8064K, reserved 1048576K
}
Event: 75.828 GC heap before
{Heap before GC invocations=226 (full 9):
 PSYoungGen      total 47104K, used 46838K [0x00000000eab00000, 0x00000000ef580000, 0x0000000100000000)
  eden space 20992K, 100% used [0x00000000eab00000,0x00000000ebf80000,0x00000000ebf80000)
  from space 26112K, 98% used [0x00000000ebf80000,0x00000000ed8bdbc8,0x00000000ed900000)
  to   space 27648K, 0% used [0x00000000eda80000,0x00000000eda80000,0x00000000ef580000)
 ParOldGen       total 198144K, used 171961K [0x00000000c0000000, 0x00000000cc180000, 0x00000000eab00000)
  object space 198144K, 86% used [0x00000000c0000000,0x00000000ca7ee440,0x00000000cc180000)
 Metaspace       used 71734K, committed 73280K, reserved 1114112K
  class space    used 7371K, committed 8064K, reserved 1048576K
}
Event: 75.845 GC heap after
{Heap after GC invocations=226 (full 9):
 PSYoungGen      total 45056K, used 27621K [0x00000000eab00000, 0x00000000efc80000, 0x0000000100000000)
  eden space 17408K, 0% used [0x00000000eab00000,0x00000000eab00000,0x00000000ebc00000)
  from space 27648K, 99% used [0x00000000eda80000,0x00000000ef579758,0x00000000ef580000)
  to   space 31232K, 0% used [0x00000000ebc00000,0x00000000ebc00000,0x00000000eda80000)
 ParOldGen       total 198144K, used 174731K [0x00000000c0000000, 0x00000000cc180000, 0x00000000eab00000)
  object space 198144K, 88% used [0x00000000c0000000,0x00000000caaa2e20,0x00000000cc180000)
 Metaspace       used 71734K, committed 73280K, reserved 1114112K
  class space    used 7371K, committed 8064K, reserved 1048576K
}
Event: 76.032 GC heap before
{Heap before GC invocations=227 (full 9):
 PSYoungGen      total 45056K, used 45029K [0x00000000eab00000, 0x00000000efc80000, 0x0000000100000000)
  eden space 17408K, 100% used [0x00000000eab00000,0x00000000ebc00000,0x00000000ebc00000)
  from space 27648K, 99% used [0x00000000eda80000,0x00000000ef579758,0x00000000ef580000)
  to   space 31232K, 0% used [0x00000000ebc00000,0x00000000ebc00000,0x00000000eda80000)
 ParOldGen       total 198144K, used 174731K [0x00000000c0000000, 0x00000000cc180000, 0x00000000eab00000)
  object space 198144K, 88% used [0x00000000c0000000,0x00000000caaa2e20,0x00000000cc180000)
 Metaspace       used 71734K, committed 73280K, reserved 1114112K
  class space    used 7371K, committed 8064K, reserved 1048576K
}
Event: 76.048 GC heap after
{Heap after GC invocations=227 (full 9):
 PSYoungGen      total 47616K, used 30011K [0x00000000eab00000, 0x00000000ef700000, 0x0000000100000000)
  eden space 17408K, 0% used [0x00000000eab00000,0x00000000eab00000,0x00000000ebc00000)
  from space 30208K, 99% used [0x00000000ebc00000,0x00000000ed94ed70,0x00000000ed980000)
  to   space 30208K, 0% used [0x00000000ed980000,0x00000000ed980000,0x00000000ef700000)
 ParOldGen       total 198144K, used 176324K [0x00000000c0000000, 0x00000000cc180000, 0x00000000eab00000)
  object space 198144K, 88% used [0x00000000c0000000,0x00000000cac31090,0x00000000cc180000)
 Metaspace       used 71734K, committed 73280K, reserved 1114112K
  class space    used 7371K, committed 8064K, reserved 1048576K
}
Event: 76.140 GC heap before
{Heap before GC invocations=228 (full 9):
 PSYoungGen      total 47616K, used 47419K [0x00000000eab00000, 0x00000000ef700000, 0x0000000100000000)
  eden space 17408K, 100% used [0x00000000eab00000,0x00000000ebc00000,0x00000000ebc00000)
  from space 30208K, 99% used [0x00000000ebc00000,0x00000000ed94ed70,0x00000000ed980000)
  to   space 30208K, 0% used [0x00000000ed980000,0x00000000ed980000,0x00000000ef700000)
 ParOldGen       total 198144K, used 176324K [0x00000000c0000000, 0x00000000cc180000, 0x00000000eab00000)
  object space 198144K, 88% used [0x00000000c0000000,0x00000000cac31090,0x00000000cc180000)
 Metaspace       used 71734K, committed 73280K, reserved 1114112K
  class space    used 7371K, committed 8064K, reserved 1048576K
}
Event: 76.157 GC heap after
{Heap after GC invocations=228 (full 9):
 PSYoungGen      total 47616K, used 30206K [0x00000000eab00000, 0x00000000ef700000, 0x0000000100000000)
  eden space 17408K, 0% used [0x00000000eab00000,0x00000000eab00000,0x00000000ebc00000)
  from space 30208K, 99% used [0x00000000ed980000,0x00000000ef6ffaa8,0x00000000ef700000)
  to   space 30208K, 0% used [0x00000000ebc00000,0x00000000ebc00000,0x00000000ed980000)
 ParOldGen       total 198144K, used 180194K [0x00000000c0000000, 0x00000000cc180000, 0x00000000eab00000)
  object space 198144K, 90% used [0x00000000c0000000,0x00000000caff8b78,0x00000000cc180000)
 Metaspace       used 71734K, committed 73280K, reserved 1114112K
  class space    used 7371K, committed 8064K, reserved 1048576K
}
Event: 76.269 GC heap before
{Heap before GC invocations=229 (full 9):
 PSYoungGen      total 47616K, used 47614K [0x00000000eab00000, 0x00000000ef700000, 0x0000000100000000)
  eden space 17408K, 100% used [0x00000000eab00000,0x00000000ebc00000,0x00000000ebc00000)
  from space 30208K, 99% used [0x00000000ed980000,0x00000000ef6ffaa8,0x00000000ef700000)
  to   space 30208K, 0% used [0x00000000ebc00000,0x00000000ebc00000,0x00000000ed980000)
 ParOldGen       total 198144K, used 180194K [0x00000000c0000000, 0x00000000cc180000, 0x00000000eab00000)
  object space 198144K, 90% used [0x00000000c0000000,0x00000000caff8b78,0x00000000cc180000)
 Metaspace       used 71734K, committed 73280K, reserved 1114112K
  class space    used 7371K, committed 8064K, reserved 1048576K
}
Event: 76.287 GC heap after
{Heap after GC invocations=229 (full 9):
 PSYoungGen      total 47616K, used 30190K [0x00000000eab00000, 0x00000000ef700000, 0x0000000100000000)
  eden space 17408K, 0% used [0x00000000eab00000,0x00000000eab00000,0x00000000ebc00000)
  from space 30208K, 99% used [0x00000000ebc00000,0x00000000ed97bb78,0x00000000ed980000)
  to   space 30208K, 0% used [0x00000000ed980000,0x00000000ed980000,0x00000000ef700000)
 ParOldGen       total 198144K, used 184256K [0x00000000c0000000, 0x00000000cc180000, 0x00000000eab00000)
  object space 198144K, 92% used [0x00000000c0000000,0x00000000cb3f0250,0x00000000cc180000)
 Metaspace       used 71734K, committed 73280K, reserved 1114112K
  class space    used 7371K, committed 8064K, reserved 1048576K
}

