# JRE version: Java(TM) SE Runtime Environment (17.0.12+8) (build 17.0.12+8-LTS-286)
# Java VM: Java HotSpot(TM) 64-Bit Server VM (17.0.12+8-LTS-286, mixed mode, sharing, tiered, compressed oops, compressed class ptrs, g1 gc, windows-amd64)
GC Precious Log:
 CPUs: 4 total, 4 available
 Memory: 12177M
 Large Page Support: Disabled
 NUMA Support: Disabled
 Compressed Oops: Enabled (Zero based)
 Heap Region Size: 2M
 Heap Min Capacity: 8M
 Heap Initial Capacity: 192M
 Heap Max Capacity: 3046M
 Pre-touch: Disabled
 Parallel Workers: 4
 Concurrent Workers: 1
 Concurrent Refinement Workers: 4
 Periodic GC: Disabled
Heap:
 garbage-first heap   total 196608K, used 89887K [0x0000000741a00000, 0x0000000800000000)
  region size 2048K, 44 young (90112K), 5 survivors (10240K)
 Metaspace       used 17121K, committed 17408K, reserved 1114112K
  class space    used 1962K, committed 2112K, reserved 1048576K
GC Heap History (8 events):
Event: 4.145 GC heap before
{Heap before GC invocations=0 (full 0):
 garbage-first heap   total 196608K, used 10240K [0x0000000741a00000, 0x0000000800000000)
  region size 2048K, 6 young (12288K), 0 survivors (0K)
 Metaspace       used 3265K, committed 3328K, reserved 1114112K
  class space    used 351K, committed 384K, reserved 1048576K
}
Event: 4.171 GC heap after
{Heap after GC invocations=1 (full 0):
 garbage-first heap   total 196608K, used 3184K [0x0000000741a00000, 0x0000000800000000)
  region size 2048K, 1 young (2048K), 1 survivors (2048K)
 Metaspace       used 3265K, committed 3328K, reserved 1114112K
  class space    used 351K, committed 384K, reserved 1048576K
}
Event: 4.882 GC heap before
{Heap before GC invocations=1 (full 0):
 garbage-first heap   total 196608K, used 13424K [0x0000000741a00000, 0x0000000800000000)
  region size 2048K, 6 young (12288K), 1 survivors (2048K)
 Metaspace       used 5454K, committed 5632K, reserved 1114112K
  class space    used 656K, committed 768K, reserved 1048576K
}
Event: 4.884 GC heap after
{Heap after GC invocations=2 (full 0):
 garbage-first heap   total 196608K, used 3798K [0x0000000741a00000, 0x0000000800000000)
  region size 2048K, 1 young (2048K), 1 survivors (2048K)
 Metaspace       used 5454K, committed 5632K, reserved 1114112K
  class space    used 656K, committed 768K, reserved 1048576K
}
Event: 5.945 GC heap before
{Heap before GC invocations=2 (full 0):
 garbage-first heap   total 196608K, used 34518K [0x0000000741a00000, 0x0000000800000000)
  region size 2048K, 16 young (32768K), 1 survivors (2048K)
 Metaspace       used 9600K, committed 9728K, reserved 1114112K
  class space    used 1165K, committed 1216K, reserved 1048576K
}
Event: 5.949 GC heap after
{Heap after GC invocations=3 (full 0):
 garbage-first heap   total 196608K, used 5045K [0x0000000741a00000, 0x0000000800000000)
  region size 2048K, 1 young (2048K), 1 survivors (2048K)
 Metaspace       used 9600K, committed 9728K, reserved 1114112K
  class space    used 1165K, committed 1216K, reserved 1048576K
}
Event: 10.139 GC heap before
{Heap before GC invocations=3 (full 0):
 garbage-first heap   total 196608K, used 119733K [0x0000000741a00000, 0x0000000800000000)
  region size 2048K, 57 young (116736K), 1 survivors (2048K)
 Metaspace       used 16103K, committed 16320K, reserved 1114112K
  class space    used 1867K, committed 1984K, reserved 1048576K
}
Event: 10.153 GC heap after
{Heap after GC invocations=4 (full 0):
 garbage-first heap   total 196608K, used 12063K [0x0000000741a00000, 0x0000000800000000)
  region size 2048K, 5 young (10240K), 5 survivors (10240K)
 Metaspace       used 16103K, committed 16320K, reserved 1114112K
  class space    used 1867K, committed 1984K, reserved 1048576K
}

